This is pdfTeX, Version 3.1415926-1.40.8-beta-20080627 (MiKTeX 2.7) (preloaded format=pdflatex 2008.7.17)  18 JUL 2008 14:59
entering extended mode
**D:/EigeneDateien/TEX-Umgebung/Gestaltungsrichtlinien-MeWi/texniccenter/../Pro
jekt.tex

(D:/EigeneDateien/TEX-Umgebung/Gestaltungsrichtlinien-MeWi/texniccenter/../Proj
ekt.tex
LaTeX2e <2005/12/01>
Babel <v3.8l> and hyphenation patterns for english, dumylang, nohyphenation, ge
rman, ngerman, french, loaded.
(layout/format.tex ("C:\Programme\MiKTeX 2.7\tex\latex\koma-script\scrartcl.cls
"
Document Class: scrartcl 2007/12/24 v2.98 KOMA-Script document class (article)
("C:\Programme\MiKTeX 2.7\tex\latex\koma-script\scrkbase.sty"
Package: scrkbase 2007/12/24 v2.98 KOMA-Script package (basics and keyval use)

("C:\Programme\MiKTeX 2.7\tex\latex\graphics\keyval.sty"
Package: keyval 1999/03/16 v1.13 key=value parser (DPC)
\KV@toks@=\toks14
)
("C:\Programme\MiKTeX 2.7\tex\latex\koma-script\scrlfile.sty"
Package: scrlfile 2007/12/18 v2.98 KOMA-Script package (loading files)

Package scrlfile, 2007/12/18 v2.98 KOMA-Script package (loading files)
                  Copyright (C) Markus Kohm

))
Package scrkbase Info: You've used obsolete option `oneside'.
(scrkbase)             \KOMAExecuteOptions{twoside=false} will be
(scrkbase)             used instead.
(scrkbase)             You may simply replace `oneside'
(scrkbase)             by `twoside=false'.
Class scrartcl Info: File `size11.clo' used to setup font sizes on input line 9
10.
 ("C:\Programme\MiKTeX 2.7\tex\latex\base\size11.clo"
File: size11.clo 2005/09/16 v1.4f Standard LaTeX file (size option)
)
("C:\Programme\MiKTeX 2.7\tex\latex\koma-script\typearea.sty"
Package: typearea 2007/12/24 v2.98 KOMA-Script package (type area)

Package typearea, 2007/12/24 v2.98 KOMA-Script package (type area)
                  Copyright (C) Frank Neukam, 1992-1994
                  Copyright (C) Markus Kohm, 1994-

\ta@bcor=\skip41
\ta@div=\count79
Package scrkbase Info: You've used obsolete option `oneside'.
(scrkbase)             \KOMAExecuteOptions{twoside=false} will be
(scrkbase)             used instead.
(scrkbase)             You may simply replace `oneside'
(scrkbase)             by `twoside=false'.
Package scrkbase Info: You've used obsolete option `a4paper'.
(scrkbase)             \KOMAExecuteOptions{paper=a4} will be
(scrkbase)             used instead.
(scrkbase)             You may simply replace `a4paper'
(scrkbase)             by `paper=a4'.
\ta@hblk=\skip42
\ta@vblk=\skip43
\ta@temp=\skip44
Package typearea Info: These are the values describing the layout:
(typearea)             DIV  = 10
(typearea)             BCOR = 0.0pt
(typearea)             \paperwidth      = 597.50793pt
(typearea)              \textwidth      = 418.25555pt
(typearea)              DIV-departure   = -6/100
(typearea)              \evensidemargin = 17.3562pt
(typearea)              \oddsidemargin  = 17.3562pt
(typearea)             \paperheight     = 845.04694pt
(typearea)              \textheight     = 595.80026pt
(typearea)              \topmargin      = -25.16531pt
(typearea)              \headheight     = 17.0pt
(typearea)              \headsep        = 20.40001pt
(typearea)              \topskip        = 11.0pt
(typearea)              \footskip       = 47.60002pt
(typearea)              \baselineskip   = 13.6pt
(typearea)              on input line 906.
)
\c@part=\count80
\c@section=\count81
\c@subsection=\count82
\c@subsubsection=\count83
\c@paragraph=\count84
\c@subparagraph=\count85
\abovecaptionskip=\skip45
\belowcaptionskip=\skip46
\c@pti@nb@sid@b@x=\box26
\c@figure=\count86
\c@table=\count87
\bibindent=\dimen102
) ("C:\Programme\MiKTeX 2.7\tex\latex\tocloft\tocloft.sty"
Package: tocloft 2003/09/26 v2.3c parameterised ToC, etc., typesetting


Package tocloft Note: The document has section divisions.

\cftparskip=\skip47
\cftbeforetoctitleskip=\skip48
\cftaftertoctitleskip=\skip49
\cftbeforepartskip=\skip50
\cftpartnumwidth=\skip51
\cftpartindent=\skip52
\cftbeforesecskip=\skip53
\cftsecindent=\skip54
\cftsecnumwidth=\skip55
\cftbeforesubsecskip=\skip56
\cftsubsecindent=\skip57
\cftsubsecnumwidth=\skip58
\cftbeforesubsubsecskip=\skip59
\cftsubsubsecindent=\skip60
\cftsubsubsecnumwidth=\skip61
\cftbeforeparaskip=\skip62
\cftparaindent=\skip63
\cftparanumwidth=\skip64
\cftbeforesubparaskip=\skip65
\cftsubparaindent=\skip66
\cftsubparanumwidth=\skip67
\cftbeforeloftitleskip=\skip68
\cftafterloftitleskip=\skip69
\cftbeforefigskip=\skip70
\cftfigindent=\skip71
\cftfignumwidth=\skip72
\c@lofdepth=\count88
\c@lotdepth=\count89
\cftbeforelottitleskip=\skip73
\cftafterlottitleskip=\skip74
\cftbeforetabskip=\skip75
\cfttabindent=\skip76
\cfttabnumwidth=\skip77
) ("C:\Programme\MiKTeX 2.7\tex\latex\graphics\graphicx.sty"
Package: graphicx 1999/02/16 v1.0f Enhanced LaTeX Graphics (DPC,SPQR)

("C:\Programme\MiKTeX 2.7\tex\latex\graphics\graphics.sty"
Package: graphics 2006/02/20 v1.0o Standard LaTeX Graphics (DPC,SPQR)

("C:\Programme\MiKTeX 2.7\tex\latex\graphics\trig.sty"
Package: trig 1999/03/16 v1.09 sin cos tan (DPC)
)
("C:\Programme\MiKTeX 2.7\tex\latex\00miktex\graphics.cfg"
File: graphics.cfg 2007/01/18 v1.5 graphics configuration of teTeX/TeXLive
)
Package graphics Info: Driver file: pdftex.def on input line 90.

("C:\Programme\MiKTeX 2.7\tex\latex\graphics\pdftex.def"
File: pdftex.def 2007/06/12 v0.04h Graphics/color for pdfTeX
\Gread@gobject=\count90
))
\Gin@req@height=\dimen103
\Gin@req@width=\dimen104
)
("C:\Programme\MiKTeX 2.7\tex\latex\geometry\geometry.sty"
Package: geometry 2002/07/08 v3.2 Page Geometry
\Gm@cnth=\count91
\Gm@cntv=\count92
\c@Gm@tempcnt=\count93
\Gm@bindingoffset=\dimen105
\Gm@wd@mp=\dimen106
\Gm@odd@mp=\dimen107
\Gm@even@mp=\dimen108
\Gm@dimlist=\toks15

("C:\Programme\MiKTeX 2.7\tex\latex\geometry\geometry.cfg"))
("C:\Programme\MiKTeX 2.7\tex\latex\setspace\setspace.sty"
Package: setspace 2000/12/01 6.7 Contributed and Supported LaTeX2e package

Package: `setspace' 6.7 <2000/12/01>
) ("C:\Programme\MiKTeX 2.7\tex\latex\base\inputenc.sty"
Package: inputenc 2006/05/05 v1.1b Input encoding file
\inpenc@prehook=\toks16
\inpenc@posthook=\toks17

("C:\Programme\MiKTeX 2.7\tex\latex\base\latin1.def"
File: latin1.def 2006/05/05 v1.1b Input encoding file
))
("C:\Programme\MiKTeX 2.7\tex\latex\base\fontenc.sty"
Package: fontenc 2005/09/27 v1.99g Standard LaTeX package

("C:\Programme\MiKTeX 2.7\tex\latex\base\t1enc.def"
File: t1enc.def 2005/09/27 v1.99g Standard LaTeX file
LaTeX Font Info:    Redeclaring font encoding T1 on input line 43.
))
("C:\Programme\MiKTeX 2.7\tex\generic\babel\babel.sty"
Package: babel 2008/07/06 v3.8l The Babel package

*************************************
* Local config file bblopts.cfg used
*
("C:\Programme\MiKTeX 2.7\tex\latex\00miktex\bblopts.cfg"
File: bblopts.cfg 2006/07/31 v1.0 MiKTeX 'babel' configuration
)
("C:\Programme\MiKTeX 2.7\tex\generic\babel\english.ldf"
Language: english 2005/03/30 v3.3o English support from the babel system

("C:\Programme\MiKTeX 2.7\tex\generic\babel\babel.def"
File: babel.def 2008/07/06 v3.8l Babel common definitions
\babel@savecnt=\count94
\U@D=\dimen109
)
\l@british = a dialect from \language\l@english 
\l@UKenglish = a dialect from \language\l@english 
\l@canadian = a dialect from \language\l@american 
\l@australian = a dialect from \language\l@british 
\l@newzealand = a dialect from \language\l@british 
)
("C:\Programme\MiKTeX 2.7\tex\generic\babel\ngermanb.ldf"
Language: ngermanb 2008/07/06 v2.6n new German support from the babel system
\l@naustrian = a dialect from \language\l@ngerman 
Package babel Info: Making " an active character on input line 92.
))
("C:\Programme\MiKTeX 2.7\tex\latex\base\textcomp.sty"
Package: textcomp 2005/09/27 v1.99g Standard LaTeX package
Package textcomp Info: Sub-encoding information:
(textcomp)               5 = only ISO-Adobe without \textcurrency
(textcomp)               4 = 5 + \texteuro
(textcomp)               3 = 4 + \textohm
(textcomp)               2 = 3 + \textestimated + \textcurrency
(textcomp)               1 = TS1 - \textcircled - \t
(textcomp)               0 = TS1 (full)
(textcomp)             Font families with sub-encoding setting implement
(textcomp)             only a restricted character set as indicated.
(textcomp)             Family '?' is the default used for unknown fonts.
(textcomp)             See the documentation for details.
Package textcomp Info: Setting ? sub-encoding to TS1/1 on input line 71.

("C:\Programme\MiKTeX 2.7\tex\latex\base\ts1enc.def"
File: ts1enc.def 2001/06/05 v3.0e (jk/car/fm) Standard LaTeX file
)
LaTeX Info: Redefining \oldstylenums on input line 266.
Package textcomp Info: Setting cmr sub-encoding to TS1/0 on input line 281.
Package textcomp Info: Setting cmss sub-encoding to TS1/0 on input line 282.
Package textcomp Info: Setting cmtt sub-encoding to TS1/0 on input line 283.
Package textcomp Info: Setting cmvtt sub-encoding to TS1/0 on input line 284.
Package textcomp Info: Setting cmbr sub-encoding to TS1/0 on input line 285.
Package textcomp Info: Setting cmtl sub-encoding to TS1/0 on input line 286.
Package textcomp Info: Setting ccr sub-encoding to TS1/0 on input line 287.
Package textcomp Info: Setting ptm sub-encoding to TS1/4 on input line 288.
Package textcomp Info: Setting pcr sub-encoding to TS1/4 on input line 289.
Package textcomp Info: Setting phv sub-encoding to TS1/4 on input line 290.
Package textcomp Info: Setting ppl sub-encoding to TS1/3 on input line 291.
Package textcomp Info: Setting pag sub-encoding to TS1/4 on input line 292.
Package textcomp Info: Setting pbk sub-encoding to TS1/4 on input line 293.
Package textcomp Info: Setting pnc sub-encoding to TS1/4 on input line 294.
Package textcomp Info: Setting pzc sub-encoding to TS1/4 on input line 295.
Package textcomp Info: Setting bch sub-encoding to TS1/4 on input line 296.
Package textcomp Info: Setting put sub-encoding to TS1/5 on input line 297.
Package textcomp Info: Setting uag sub-encoding to TS1/5 on input line 298.
Package textcomp Info: Setting ugq sub-encoding to TS1/5 on input line 299.
Package textcomp Info: Setting ul8 sub-encoding to TS1/4 on input line 300.
Package textcomp Info: Setting ul9 sub-encoding to TS1/4 on input line 301.
Package textcomp Info: Setting augie sub-encoding to TS1/5 on input line 302.
Package textcomp Info: Setting dayrom sub-encoding to TS1/3 on input line 303.
Package textcomp Info: Setting dayroms sub-encoding to TS1/3 on input line 304.

Package textcomp Info: Setting pxr sub-encoding to TS1/0 on input line 305.
Package textcomp Info: Setting pxss sub-encoding to TS1/0 on input line 306.
Package textcomp Info: Setting pxtt sub-encoding to TS1/0 on input line 307.
Package textcomp Info: Setting txr sub-encoding to TS1/0 on input line 308.
Package textcomp Info: Setting txss sub-encoding to TS1/0 on input line 309.
Package textcomp Info: Setting txtt sub-encoding to TS1/0 on input line 310.
Package textcomp Info: Setting futs sub-encoding to TS1/4 on input line 311.
Package textcomp Info: Setting futx sub-encoding to TS1/4 on input line 312.
Package textcomp Info: Setting futj sub-encoding to TS1/4 on input line 313.
Package textcomp Info: Setting hlh sub-encoding to TS1/3 on input line 314.
Package textcomp Info: Setting hls sub-encoding to TS1/3 on input line 315.
Package textcomp Info: Setting hlst sub-encoding to TS1/3 on input line 316.
Package textcomp Info: Setting hlct sub-encoding to TS1/5 on input line 317.
Package textcomp Info: Setting hlx sub-encoding to TS1/5 on input line 318.
Package textcomp Info: Setting hlce sub-encoding to TS1/5 on input line 319.
Package textcomp Info: Setting hlcn sub-encoding to TS1/5 on input line 320.
Package textcomp Info: Setting hlcw sub-encoding to TS1/5 on input line 321.
Package textcomp Info: Setting hlcf sub-encoding to TS1/5 on input line 322.
Package textcomp Info: Setting pplx sub-encoding to TS1/3 on input line 323.
Package textcomp Info: Setting pplj sub-encoding to TS1/3 on input line 324.
Package textcomp Info: Setting ptmx sub-encoding to TS1/4 on input line 325.
Package textcomp Info: Setting ptmj sub-encoding to TS1/4 on input line 326.
)
("C:\Programme\MiKTeX 2.7\tex\latex\xcolor\xcolor.sty"
Package: xcolor 2007/01/21 v2.11 LaTeX color extensions (UK)

("C:\Programme\MiKTeX 2.7\tex\latex\00miktex\color.cfg"
File: color.cfg 2007/01/18 v1.5 color configuration of teTeX/TeXLive
)
Package xcolor Info: Driver file: pdftex.def on input line 225.
Package xcolor Info: Model `cmy' substituted by `cmy0' on input line 1337.
Package xcolor Info: Model `hsb' substituted by `rgb' on input line 1341.
Package xcolor Info: Model `RGB' extended on input line 1353.
Package xcolor Info: Model `HTML' substituted by `rgb' on input line 1355.
Package xcolor Info: Model `Hsb' substituted by `hsb' on input line 1356.
Package xcolor Info: Model `tHsb' substituted by `hsb' on input line 1357.
Package xcolor Info: Model `HSB' substituted by `hsb' on input line 1358.
Package xcolor Info: Model `Gray' substituted by `gray' on input line 1359.
Package xcolor Info: Model `wave' substituted by `hsb' on input line 1360.
)
("C:\Programme\MiKTeX 2.7\tex\latex\ellipsis\ellipsis.sty"
Package: ellipsis 2004/9/28 v1.6 ellipsis: fixes spacing around \protect \globa
l \let \T1\textellipsis .\kern \fontdimen 3\font .\kern \fontdimen 3\font .\ker
n \fontdimen 3\font \T1\textellipsis 

("C:\Programme\MiKTeX 2.7\tex\latex\tools\xspace.sty"
Package: xspace 2006/05/08 v1.12 Space after command names (DPC,MH)
))
("C:\Programme\MiKTeX 2.7\tex\latex\base\fixltx2e.sty"
Package: fixltx2e 2006/03/24 v1.1n fixes to LaTeX
LaTeX Info: Redefining \em on input line 420.
LaTeX Info: Redefining \textsubscript on input line 424.
)
("C:\Programme\MiKTeX 2.7\tex\latex\ae\ae.sty"
Package: ae 2001/02/12 1.3 Almost European Computer Modern

("C:\Programme\MiKTeX 2.7\tex\latex\base\fontenc.sty"
Package: fontenc 2005/09/27 v1.99g Standard LaTeX package

("C:\Programme\MiKTeX 2.7\tex\latex\base\t1enc.def"
File: t1enc.def 2005/09/27 v1.99g Standard LaTeX file
LaTeX Font Info:    Redeclaring font encoding T1 on input line 43.
)
LaTeX Font Info:    Try loading font information for T1+aer on input line 100.

("C:\Programme\MiKTeX 2.7\tex\latex\ae\t1aer.fd"
File: t1aer.fd 1997/11/16 Font definitions for T1/aer.
)))
("C:\Programme\MiKTeX 2.7\tex\latex\tools\verbatim.sty"
Package: verbatim 2003/08/22 v1.5q LaTeX2e package for verbatim enhancements
\every@verbatim=\toks18
\verbatim@line=\toks19
\verbatim@in@stream=\read1
)
("C:\Programme\MiKTeX 2.7\tex\latex\mparhack\mparhack.sty"
Package: mparhack 2005/04/17 v1.4 (T. Sgouros and S. Ulrich)
)
("C:\Programme\MiKTeX 2.7\tex\latex\xkeyval\xkeyval.sty"
Package: xkeyval 2006/11/18 v2.5f package option processing (HA)

("C:\Programme\MiKTeX 2.7\tex\generic\xkeyval\xkeyval.tex"
\XKV@toks=\toks20
\XKV@depth=\count95
File: xkeyval.tex 2006/11/18 v2.5f key=value parser (HA)
))
("C:\Programme\MiKTeX 2.7\tex\latex\enumitem\enumitem.sty"
Package: enumitem 2007/06/30 v2.1 Customized lists
\enit@toks=\toks21
\labelindent=\skip78
\enit@outerparindent=\dimen110
\enitdp@desc=\count96
)
("C:\Programme\MiKTeX 2.7\tex\latex\booktabs\booktabs.sty"
Package: booktabs 2005/04/14 v1.61803 publication quality tables
\heavyrulewidth=\dimen111
\lightrulewidth=\dimen112
\cmidrulewidth=\dimen113
\belowrulesep=\dimen114
\belowbottomsep=\dimen115
\aboverulesep=\dimen116
\abovetopsep=\dimen117
\cmidrulesep=\dimen118
\cmidrulekern=\dimen119
\defaultaddspace=\dimen120
\@cmidla=\count97
\@cmidlb=\count98
\@aboverulesep=\dimen121
\@belowrulesep=\dimen122
\@thisruleclass=\count99
\@lastruleclass=\count100
\@thisrulewidth=\dimen123
)
("C:\Programme\MiKTeX 2.7\tex\latex\lettrine\lettrine.sty"
File: lettrine.sty 2007/08/08 v1.62 (Daniel Flipo)
\c@DefaultLines=\count101
\DefaultFindent=\dimen124
\DefaultNindent=\dimen125
\DefaultSlope=\dimen126
\L@lbox=\box27
\L@tbox=\box28
\c@L@lines=\count102
\L@Pindent=\dimen127
\L@Findent=\dimen128
\L@Nindent=\dimen129
\L@lraise=\dimen130
\L@first=\dimen131
\L@next=\dimen132
\L@slope=\dimen133
\L@height=\dimen134
\LettrineWidth=\dimen135

Loading lettrine.cfg
("C:\Programme\MiKTeX 2.7\tex\latex\lettrine\lettrine.cfg"))
("C:\Programme\MiKTeX 2.7\tex\latex\ms\ragged2e.sty"
Package: ragged2e 2003/03/25 v2.04 ragged2e Package (MS)

("C:\Programme\MiKTeX 2.7\tex\latex\ms\everysel.sty"
Package: everysel 1999/06/08 v1.03 EverySelectfont Package (MS)
)
\CenteringLeftskip=\skip79
\RaggedLeftLeftskip=\skip80
\RaggedRightLeftskip=\skip81
\CenteringRightskip=\skip82
\RaggedLeftRightskip=\skip83
\RaggedRightRightskip=\skip84
\CenteringParfillskip=\skip85
\RaggedLeftParfillskip=\skip86
\RaggedRightParfillskip=\skip87
\JustifyingParfillskip=\skip88
\CenteringParindent=\skip89
\RaggedLeftParindent=\skip90
\RaggedRightParindent=\skip91
\JustifyingParindent=\skip92
)
("C:\Programme\MiKTeX 2.7\tex\latex\tools\varioref.sty"
Package: varioref 2006/05/13 v1.4p package for extended references (FMi)
\c@vrcnt=\count103
)
("C:\Programme\MiKTeX 2.7\tex\latex\csquotes\csquotes.sty"
Package: csquotes 2008/06/24 v4.2 context-sensitive quotations

("C:\Programme\MiKTeX 2.7\tex\latex\etoolbox\etoolbox.sty"
Package: etoolbox 2008/06/28 v1.7 e-TeX tools for LaTeX

("C:\Programme\MiKTeX 2.7\tex\latex\misc\etex.sty"
Package: etex 1998/03/26 v2.0 eTeX basic definition package (PEB)
\et@xins=\count104
))
\csq@reset=\count105
\csq@gtype=\count106
\csq@glevel=\count107
\csq@qlevel=\count108
\csq@tshold=\count109
\csq@ltxeverypar=\toks22

("C:\Programme\MiKTeX 2.7\tex\latex\csquotes\csquotes.def"
File: csquotes.def 2008/06/24 v4.2 csquotes generic definitions
)
Package csquotes Info: Trying to load configuration file 'csquotes.cfg'...
Package csquotes Info: ... configuration file loaded successfully.

("C:\Programme\MiKTeX 2.7\tex\latex\csquotes\csquotes.cfg"
File: csquotes.cfg 2008/06/24 v4.2 csquotes configuration
)
Package csquotes Info: Enabling multilingual support.
Package csquotes Info: Redefining alias 'german' -> 'german/guillemets'.
)
("C:\Programme\MiKTeX 2.7\tex\latex\jurabib\jurabib.sty"
Package: jurabib 2004/01/25 v0.6 Extended citations

("C:\Programme\MiKTeX 2.7\tex\latex\base\ifthen.sty"
Package: ifthen 2001/05/26 v1.1c Standard LaTeX ifthen package (DPC)
)
("C:\Programme\MiKTeX 2.7\tex\latex\tools\calc.sty"
Package: calc 2005/08/06 v4.2 Infix arithmetic (KKT,FJ)
\calc@Acount=\count110
\calc@Bcount=\count111
\calc@Adimen=\dimen136
\calc@Bdimen=\dimen137
\calc@Askip=\skip93
\calc@Bskip=\skip94
LaTeX Info: Redefining \setlength on input line 75.
LaTeX Info: Redefining \addtolength on input line 76.
\calc@Ccount=\count112
\calc@Cskip=\skip95
)
("C:\Programme\MiKTeX 2.7\tex\latex\ltxmisc\url.sty"
\Urlmuskip=\muskip10
Package: url 2006/04/12  ver 3.3  Verb mode for urls, etc.
)
("C:\Programme\MiKTeX 2.7\tex\latex\tools\array.sty"
Package: array 2005/08/23 v2.4b Tabular extension package (FMi)
\col@sep=\dimen138
\extrarowheight=\dimen139
\NC@list=\toks23
\extratabsurround=\skip96
\backup@length=\skip97
)
\c@ibidem@author=\count113
\c@multiple@author=\count114
LaTeX Info: Redefining \jbarchnameformat on input line 945.
\jb@subarchitemwidth=\skip98
\jb@subarchentrywidth=\skip99
LaTeX Info: Redefining \jbapifont on input line 1216.
\jb@urlfile=\write3
 (Projekt.url)
\jb@tempfile=\read2
\c@jbbibcnt=\count115
\c@jbbibcnta=\count116
\c@idemcnt=\count117
\c@bibnamereplace=\count118
\c@citefull=\count119
\c@opcit=\count120
\c@jb@cites@in@footnote=\count121
\jbbibhang=\skip100
\bibnumberwidth=\skip101
\jb@biblaw@entry@width=\skip102
\jb@biblaw@item@width=\skip103
LaTeX Font Info:    External font `cmex10' loaded for size
(Font)              <10.95> on input line 3438.
LaTeX Font Info:    External font `cmex10' loaded for size
(Font)              <8> on input line 3438.
LaTeX Font Info:    External font `cmex10' loaded for size
(Font)              <6> on input line 3438.
LaTeX Info: Redefining \cite on input line 3744.
\jb@length@i=\skip104
\jb@length@ii=\skip105
\jb@length@iii=\skip106
\jb@temptoks=\toks24
\jbedwidth=\skip107
\jb@ta=\toks25
\jb@tb=\toks26

Package jurabib Info: *** Local config file `jurabib.cfg' used ***

("C:\Programme\MiKTeX 2.7\tex\latex\jurabib\jurabib.cfg"
File: jurabib.cfg jurabib local configuration file
))
("C:\Programme\MiKTeX 2.7\tex\latex\hyperref\hyperref.sty"
Package: hyperref 2008/07/05 v6.77v Hypertext links for LaTeX

("C:\Programme\MiKTeX 2.7\tex\latex\oberdiek\hycolor.sty"
Package: hycolor 2007/04/11 v1.1 Code for color options of hyperref/bookmark (H
O)
)
\@linkdim=\dimen140
\Hy@linkcounter=\count122
\Hy@pagecounter=\count123

("C:\Programme\MiKTeX 2.7\tex\latex\hyperref\pd1enc.def"
File: pd1enc.def 2008/07/05 v6.77v Hyperref: PDFDocEncoding definition (HO)
)
("C:\Programme\MiKTeX 2.7\tex\generic\oberdiek\etexcmds.sty"
Package: etexcmds 2007/12/12 v1.2 Prefix for e-TeX command names (HO)

("C:\Programme\MiKTeX 2.7\tex\generic\oberdiek\infwarerr.sty"
Package: infwarerr 2007/09/09 v1.2 Providing info/warning/message (HO)
)
Package etexcmds Info: Could not find \expanded.
(etexcmds)             That can mean that you are not using pdfTeX 1.50 or
(etexcmds)             that some package has redefined \expanded.
(etexcmds)             In the latter case, load this package earlier.
)
("C:\Programme\MiKTeX 2.7\tex\latex\00miktex\hyperref.cfg"
File: hyperref.cfg 2002/06/06 v1.2 hyperref configuration of TeXLive
)
("C:\Programme\MiKTeX 2.7\tex\latex\oberdiek\kvoptions.sty"
Package: kvoptions 2007/10/18 v3.0 Keyval support for LaTeX options (HO)
)
Package hyperref Info: Option `unicode' set `true' on input line 2781.

("C:\Programme\MiKTeX 2.7\tex\latex\hyperref\puenc.def"
File: puenc.def 2008/07/05 v6.77v Hyperref: PDF Unicode definition (HO)
)
Package hyperref Info: Option `pdfpagelabels' set `true' on input line 2781.
Package hyperref Info: Hyper figures OFF on input line 2892.
Package hyperref Info: Link nesting OFF on input line 2897.
Package hyperref Info: Hyper index ON on input line 2900.
Package hyperref Info: Plain pages OFF on input line 2907.
Package hyperref Info: Backreferencing OFF on input line 2912.

Implicit mode ON; LaTeX internals redefined
Package hyperref Info: Bookmarks ON on input line 3071.
LaTeX Info: Redefining \url on input line 3255.
("C:\Programme\MiKTeX 2.7\tex\generic\oberdiek\bitset.sty"
Package: bitset 2007/09/28 v1.0 Data type bit set (HO)

("C:\Programme\MiKTeX 2.7\tex\generic\oberdiek\intcalc.sty"
Package: intcalc 2007/09/27 v1.1 Expandable integer calculations (HO)
)
("C:\Programme\MiKTeX 2.7\tex\generic\oberdiek\bigintcalc.sty"
Package: bigintcalc 2007/11/11 v1.1 Expandable big integer calculations (HO)

("C:\Programme\MiKTeX 2.7\tex\generic\oberdiek\pdftexcmds.sty"
Package: pdftexcmds 2007/12/12 v0.3 LuaTeX support for pdfTeX utility functions
 (HO)
Package pdftexcmds Info: LuaTeX not detected on input line 139.
)))
("C:\Programme\MiKTeX 2.7\tex\generic\oberdiek\kvsetkeys.sty"
Package: kvsetkeys 2007/09/29 v1.3 Key value parser with default handler suppor
t (HO)
)
\Fld@menulength=\count124
\Field@Width=\dimen141
\Fld@charsize=\dimen142
\Field@toks=\toks27
Package hyperref Info: Hyper figures OFF on input line 4172.
Package hyperref Info: Link nesting OFF on input line 4177.
Package hyperref Info: Hyper index ON on input line 4180.
Package hyperref Info: backreferencing OFF on input line 4187.
Package hyperref Info: Link coloring OFF on input line 4192.
Package hyperref Info: Link coloring with OCG OFF on input line 4197.
Package hyperref Info: PDF/A mode OFF on input line 4202.

("C:\Programme\MiKTeX 2.7\tex\generic\oberdiek\atbegshi.sty"
Package: atbegshi 2007/09/09 v1.6 At begin shipout hook (HO)

("C:\Programme\MiKTeX 2.7\tex\generic\oberdiek\ifpdf.sty"
Package: ifpdf 2007/12/12 v1.6 Provides the ifpdf switch (HO)
Package ifpdf Info: pdfTeX in pdf mode detected.
))
\Hy@abspage=\count125
\c@Item=\count126
\c@Hfootnote=\count127
)
*hyperref using driver hpdftex*
("C:\Programme\MiKTeX 2.7\tex\latex\hyperref\hpdftex.def"
File: hpdftex.def 2008/07/05 v6.77v Hyperref driver for pdfTeX
\Fld@listcount=\count128
)
Package hyperref Info: Option `plainpages' set `false' on input line 222.
Package hyperref Info: Option `breaklinks' set `true' on input line 222.
Package hyperref Info: Option `colorlinks' set `true' on input line 222.

("C:\Programme\MiKTeX 2.7\tex\latex\amsmath\amsmath.sty"
Package: amsmath 2000/07/18 v2.13 AMS math features
\@mathmargin=\skip108

For additional information on amsmath, use the `?' option.
("C:\Programme\MiKTeX 2.7\tex\latex\amsmath\amstext.sty"
Package: amstext 2000/06/29 v2.01

("C:\Programme\MiKTeX 2.7\tex\latex\amsmath\amsgen.sty"
File: amsgen.sty 1999/11/30 v2.0
\@emptytoks=\toks28
\ex@=\dimen143
))
("C:\Programme\MiKTeX 2.7\tex\latex\amsmath\amsbsy.sty"
Package: amsbsy 1999/11/29 v1.2d
\pmbraise@=\dimen144
)
("C:\Programme\MiKTeX 2.7\tex\latex\amsmath\amsopn.sty"
Package: amsopn 1999/12/14 v2.01 operator names
)
\inf@bad=\count129
LaTeX Info: Redefining \frac on input line 211.
\uproot@=\count130
\leftroot@=\count131
LaTeX Info: Redefining \overline on input line 307.
\classnum@=\count132
\DOTSCASE@=\count133
LaTeX Info: Redefining \ldots on input line 379.
LaTeX Info: Redefining \dots on input line 382.
LaTeX Info: Redefining \cdots on input line 467.
\Mathstrutbox@=\box29
\strutbox@=\box30
\big@size=\dimen145
LaTeX Font Info:    Redeclaring font encoding OML on input line 567.
LaTeX Font Info:    Redeclaring font encoding OMS on input line 568.
\macc@depth=\count134
\c@MaxMatrixCols=\count135
\dotsspace@=\muskip11
\c@parentequation=\count136
\dspbrk@lvl=\count137
\tag@help=\toks29
\row@=\count138
\column@=\count139
\maxfields@=\count140
\andhelp@=\toks30
\eqnshift@=\dimen146
\alignsep@=\dimen147
\tagshift@=\dimen148
\tagwidth@=\dimen149
\totwidth@=\dimen150
\lineht@=\dimen151
\@envbody=\toks31
\multlinegap=\skip109
\multlinetaggap=\skip110
\mathdisplay@stack=\toks32
LaTeX Info: Redefining \[ on input line 2666.
LaTeX Info: Redefining \] on input line 2667.
)
("C:\Programme\MiKTeX 2.7\tex\latex\amsfonts\amssymb.sty"
Package: amssymb 2002/01/22 v2.2d

("C:\Programme\MiKTeX 2.7\tex\latex\amsfonts\amsfonts.sty"
Package: amsfonts 2001/10/25 v2.2f
\symAMSa=\mathgroup4
\symAMSb=\mathgroup5
LaTeX Font Info:    Overwriting math alphabet `\mathfrak' in version `bold'
(Font)                  U/euf/m/n --> U/euf/b/n on input line 132.
))
("C:\Programme\MiKTeX 2.7\tex\latex\amscls\amsthm.sty"
Package: amsthm 2004/08/06 v2.20
\thm@style=\toks33
\thm@bodyfont=\toks34
\thm@headfont=\toks35
\thm@notefont=\toks36
\thm@headpunct=\toks37
\thm@preskip=\skip111
\thm@postskip=\skip112
\thm@headsep=\skip113
\dth@everypar=\toks38
)
("C:\Programme\MiKTeX 2.7\tex\latex\bera\beramono.sty"
Package: beramono 2004/01/31 (WaS)
)
("C:\Programme\MiKTeX 2.7\tex\latex\pad\xagaramon.sty"
Package: xagaramon 2004/08/04 Loading AGaramond Exp (WaS)
LaTeX Font Info:    Try loading font information for T1+padj on input line 37.

("C:\Programme\MiKTeX 2.7\tex\latex\pad\t1padj.fd"
File: t1padj.fd 2003/05/29 scalable font definitions for T1/padj.
)
LaTeX Font Info:    Font shape `T1/padj/m/n' will be
(Font)              scaled to size 11.27847pt on input line 37.
)
("C:\Programme\MiKTeX 2.7\tex\latex\eulervm\eulervm.sty"
Package: eulervm 2005/01/11 v4.0 (WaS)
)
("C:\Programme\MiKTeX 2.7\tex\latex\microtype\microtype.sty"
Package: microtype 2008/06/04 v2.3b Micro-typography with pdfTeX (RS)
\MT@toks=\toks39
\MT@count=\count141
LaTeX Info: Redefining \lsstyle on input line 1553.
LaTeX Info: Redefining \lslig on input line 1553.
\MT@outer@space=\skip114
LaTeX Info: Redefining \textls on input line 1554.
\MT@outer@kern=\dimen152
LaTeX Info: Redefining \textmicrotypecontext on input line 2094.
Package microtype Info: Loading configuration file microtype.cfg.

("C:\Programme\MiKTeX 2.7\tex\latex\microtype\microtype.cfg"
File: microtype.cfg 2008/06/04 v2.3b microtype main configuration file (RS)
))
\newnumberwidth=\skip115
Class scrartcl Info: You've told me to redefine the font selection of the
(scrartcl)           element `sectioning' that is an alias of element
(scrartcl)           `disposition' on input line 342.


LaTeX Warning: Unused global option(s):
    [11.5pt].

(Projekt.aux (inhalte/titelblatt.aux) (inhalte/vorwort.aux)
(inhalte/inhaltsverz.aux) (inhalte/hauptteil.aux) (inhalte/changelog.aux)
(inhalte/literatur.aux))
LaTeX Font Info:    Checking defaults for OML/cmm/m/it on input line 345.
LaTeX Font Info:    ... okay on input line 345.
LaTeX Font Info:    Checking defaults for T1/cmr/m/n on input line 345.
LaTeX Font Info:    ... okay on input line 345.
LaTeX Font Info:    Checking defaults for OT1/cmr/m/n on input line 345.
LaTeX Font Info:    ... okay on input line 345.
LaTeX Font Info:    Checking defaults for OMS/cmsy/m/n on input line 345.
LaTeX Font Info:    ... okay on input line 345.
LaTeX Font Info:    Checking defaults for OMX/cmex/m/n on input line 345.
LaTeX Font Info:    ... okay on input line 345.
LaTeX Font Info:    Checking defaults for U/cmr/m/n on input line 345.
LaTeX Font Info:    ... okay on input line 345.
LaTeX Font Info:    Checking defaults for TS1/cmr/m/n on input line 345.
LaTeX Font Info:    Try loading font information for TS1+cmr on input line 345.

 ("C:\Programme\MiKTeX 2.7\tex\latex\base\ts1cmr.fd"
File: ts1cmr.fd 1999/05/25 v2.5h Standard LaTeX font definitions
)
LaTeX Font Info:    ... okay on input line 345.
LaTeX Font Info:    Checking defaults for PD1/pdf/m/n on input line 345.
LaTeX Font Info:    ... okay on input line 345.
LaTeX Font Info:    Checking defaults for PU/pdf/m/n on input line 345.
LaTeX Font Info:    ... okay on input line 345.
LaTeX Font Info:    Try loading font information for T1+pegj on input line 345.


("C:\Programme\MiKTeX 2.7\tex\latex\peg\t1pegj.fd"
File: t1pegj.fd 2003/06/24 Fontinst v1.914 font definitions for T1/pegj.
)
("C:\Programme\MiKTeX 2.7\tex\context\base\supp-pdf.tex"
[Loading MPS to PDF converter (version 2006.09.02).]
\scratchcounter=\count142
\scratchdimen=\dimen153
\scratchbox=\box31
\nofMPsegments=\count143
\nofMParguments=\count144
\everyMPshowfont=\toks40
\MPscratchCnt=\count145
\MPscratchDim=\dimen154
\MPnumerator=\count146
\everyMPtoPDFconversion=\toks41
)
-------------------- Geometry parameters
paper: a4paper
landscape: --
twocolumn: --
twoside: --
asymmetric: --
h-parts: 105.2751pt, 392.64813pt, 99.58464pt
v-parts: 85.35826pt, 617.4248pt, 142.26378pt
hmarginratio: --
vmarginratio: --
lines: --
heightrounded: --
bindingoffset: 0.0pt
truedimen: --
includehead: --
includefoot: --
includemp: --
driver: pdftex
-------------------- Page layout dimensions and switches
\paperwidth  597.50787pt
\paperheight 845.04684pt
\textwidth  392.64813pt
\textheight 617.4248pt
\oddsidemargin  33.00511pt
\evensidemargin 33.00511pt
\topmargin  -24.31174pt
\headheight 17.0pt
\headsep    20.40001pt
\footskip   47.60002pt
\marginparwidth 59.7508pt
\marginparsep   12.8401pt
\columnsep  10.0pt
\skip\footins  10.0pt plus 4.0pt minus 2.0pt
\hoffset 0.0pt
\voffset 0.0pt
\mag 1000

(1in=72.27pt, 1cm=28.45pt)
-----------------------
LaTeX Info: Redefining \dots on input line 345.
LaTeX Info: Redefining \selectfont on input line 345.


Package jurabib Info: *** jurabib set up for babel ***

("C:\Programme\MiKTeX 2.7\tex\latex\jurabib\dejbbib.ldf"
File: dejbbib.ldf jurabib German language definitions
)
Package hyperref Info: Link coloring ON on input line 345.

("C:\Programme\MiKTeX 2.7\tex\latex\hyperref\nameref.sty"
Package: nameref 2007/05/29 v2.31 Cross-referencing by name of section

("C:\Programme\MiKTeX 2.7\tex\latex\oberdiek\refcount.sty"
Package: refcount 2006/02/20 v3.0 Data extraction from references (HO)
)
\c@section@level=\count147
LaTeX Info: Redefining \Ref on input line 396.
)
LaTeX Info: Redefining \ref on input line 345.
LaTeX Info: Redefining \pageref on input line 345.
 (Projekt.out)
(Projekt.out)
\@outlinefile=\write4
\AtBeginShipoutBox=\box32
LaTeX Info: Redefining \Ref on input line 345.
LaTeX Info: Redefining \microtypecontext on input line 345.
Package microtype Info: Generating PDF output.
Package microtype Info: Character protrusion enabled (level 2).
Package microtype Info: Using default protrusion set `alltext'.
Package microtype Info: Automatic font expansion enabled (level 2),
(microtype)             stretch: 20, shrink: 20, step: 4, non-selected.
Package microtype Info: Using default expansion set `basictext'.
Package microtype Info: No tracking.
Package microtype Info: No adjustment of interword spacing.
Package microtype Info: No adjustment of character kerning.
) (inhalte/titelblatt.tex

pdfTeX warning: pdflatex (file images/emblem.pdf): PDF inclusion: found PDF ver
sion <1.6>, but at most version <1.4> allowed
<images/emblem.pdf, id=71, 168.5206pt x 64.38655pt>
File: images/emblem.pdf Graphic file (type pdf)
 <use images/emblem.pdf>
LaTeX Font Info:    Try loading font information for U+zeur on input line 13.

("C:\Programme\MiKTeX 2.7\tex\latex\eulervm\uzeur.fd"
File: uzeur.fd 2005/01/11 v4.0 (WaS)
)
LaTeX Font Info:    Font shape `U/zeur/m/n' will be
(Font)              scaled to size 10.40245pt on input line 13.

("C:\Programme\MiKTeX 2.7\tex\latex\microtype\mt-eur.cfg"
File: mt-eur.cfg 2006/07/31 v1.1 microtype config. file: AMS Euler Roman (RS)
)
LaTeX Font Info:    Font shape `U/zeur/m/n' will be
(Font)              scaled to size 7.59998pt on input line 13.
LaTeX Font Info:    Font shape `U/zeur/m/n' will be
(Font)              scaled to size 5.69998pt on input line 13.
LaTeX Font Info:    Try loading font information for U+zeus on input line 13.

("C:\Programme\MiKTeX 2.7\tex\latex\eulervm\uzeus.fd"
File: uzeus.fd 2005/01/11 v4.0 (WaS)
)
LaTeX Font Info:    Font shape `U/zeus/m/n' will be
(Font)              scaled to size 10.40245pt on input line 13.

("C:\Programme\MiKTeX 2.7\tex\latex\microtype\mt-eus.cfg"
File: mt-eus.cfg 2006/07/28 v1.2 microtype config. file: AMS Euler Script (RS)
)
LaTeX Font Info:    Font shape `U/zeus/m/n' will be
(Font)              scaled to size 7.59998pt on input line 13.
LaTeX Font Info:    Font shape `U/zeus/m/n' will be
(Font)              scaled to size 5.69998pt on input line 13.
LaTeX Font Info:    Try loading font information for U+zeuex on input line 13.

("C:\Programme\MiKTeX 2.7\tex\latex\eulervm\uzeuex.fd"
File: uzeuex.fd 2005/01/11 v4.0 (WaS)
)
LaTeX Font Info:    Font shape `U/zeuex/m/n' will be
(Font)              scaled to size 10.40245pt on input line 13.
LaTeX Font Info:    Font shape `U/zeuex/m/n' will be
(Font)              scaled to size 7.59998pt on input line 13.
LaTeX Font Info:    Font shape `U/zeuex/m/n' will be
(Font)              scaled to size 5.69998pt on input line 13.
LaTeX Font Info:    Font shape `U/msa/m/n' will be
(Font)              scaled to size 10.40245pt on input line 13.

("C:\Programme\MiKTeX 2.7\tex\latex\microtype\mt-msa.cfg"
File: mt-msa.cfg 2006/02/04 v1.1 microtype config. file: AMS symbols (a) (RS)
)
LaTeX Font Info:    Font shape `U/msa/m/n' will be
(Font)              scaled to size 7.59998pt on input line 13.
LaTeX Font Info:    Font shape `U/msa/m/n' will be
(Font)              scaled to size 5.69998pt on input line 13.
LaTeX Font Info:    Font shape `U/msb/m/n' will be
(Font)              scaled to size 10.40245pt on input line 13.

("C:\Programme\MiKTeX 2.7\tex\latex\microtype\mt-msb.cfg"
File: mt-msb.cfg 2005/06/01 v1.0 microtype config. file: AMS symbols (b) (RS)
)
LaTeX Font Info:    Font shape `U/msb/m/n' will be
(Font)              scaled to size 7.59998pt on input line 13.
LaTeX Font Info:    Font shape `U/msb/m/n' will be
(Font)              scaled to size 5.69998pt on input line 13.
LaTeX Font Info:    Font shape `T1/pegj/bx/n' in size <12> not available
(Font)              Font shape `T1/pegj/b/n' tried instead on input line 20.

Underfull \hbox (badness 10000) in paragraph at lines 22--26

 []


Underfull \hbox (badness 10000) in paragraph at lines 30--32

 []

[1


{C:/Dokumente und Einstellungen/All Users/Anwendungsdaten/MiKTeX/2.7/pdftex/con
fig/pdftex.map} <images/emblem.pdf>]) (inhalte/vorwort.tex
LaTeX Font Info:    Font shape `T1/pegj/bx/n' in size <10.95> not available
(Font)              Font shape `T1/pegj/b/n' tried instead on input line 8.
LaTeX Font Info:    Try loading font information for T1+fmy on input line 8.

("C:\Programme\MiKTeX 2.7\tex\latex\springer\t1fmy.fd"
File: t1fmy.fd 2003/12/03 Fontinst v1.926 font definitions for T1/fmy.
)
Underfull \hbox (badness 10000) in paragraph at lines 8--9

 []

Package microtype Info: Character `029' is missing
(microtype)             in font `T1/pegj/m/sc/10.95'.
(microtype)             Ignoring protrusion settings for this character.
) [2



] (inhalte/inhaltsverz.tex
Underfull \hbox (badness 10000) in paragraph at lines 19--21

 []

LaTeX Font Info:    Font shape `T1/pegj/bx/n' in size <14.4> not available
(Font)              Font shape `T1/pegj/b/n' tried instead on input line 21.
(Projekt.toc
Package microtype Info: Character `029' is missing
(microtype)             in font `T1/pegj/m/sc/12'.
(microtype)             Ignoring protrusion settings for this character.
Package microtype Info: Character `029' is missing
(microtype)             in font `T1/pegj/m/sc/20.74'.
(microtype)             Ignoring protrusion settings for this character.
)
\tf@toc=\write5
) [3



] (inhalte/hauptteil.tex
Underfull \hbox (badness 10000) in paragraph at lines 16--17

 []

[1



]
LaTeX Font Info:    Font shape `U/zeur/m/n' will be
(Font)              scaled to size 9.49997pt on input line 68.
LaTeX Font Info:    Font shape `U/zeur/m/n' will be
(Font)              scaled to size 6.64998pt on input line 68.
LaTeX Font Info:    Font shape `U/zeur/m/n' will be
(Font)              scaled to size 4.74998pt on input line 68.
LaTeX Font Info:    Font shape `U/zeus/m/n' will be
(Font)              scaled to size 9.49997pt on input line 68.
LaTeX Font Info:    Font shape `U/zeus/m/n' will be
(Font)              scaled to size 6.64998pt on input line 68.
LaTeX Font Info:    Font shape `U/zeus/m/n' will be
(Font)              scaled to size 4.74998pt on input line 68.
LaTeX Font Info:    Font shape `U/zeuex/m/n' will be
(Font)              scaled to size 9.49997pt on input line 68.
LaTeX Font Info:    Font shape `U/zeuex/m/n' will be
(Font)              scaled to size 6.64998pt on input line 68.
LaTeX Font Info:    Font shape `U/zeuex/m/n' will be
(Font)              scaled to size 4.74998pt on input line 68.
LaTeX Font Info:    Font shape `U/msa/m/n' will be
(Font)              scaled to size 9.49997pt on input line 68.
LaTeX Font Info:    Font shape `U/msa/m/n' will be
(Font)              scaled to size 6.64998pt on input line 68.
LaTeX Font Info:    Font shape `U/msa/m/n' will be
(Font)              scaled to size 4.74998pt on input line 68.
LaTeX Font Info:    Font shape `U/msb/m/n' will be
(Font)              scaled to size 9.49997pt on input line 68.
LaTeX Font Info:    Font shape `U/msb/m/n' will be
(Font)              scaled to size 6.64998pt on input line 68.
LaTeX Font Info:    Font shape `U/msb/m/n' will be
(Font)              scaled to size 4.74998pt on input line 68.
 [2]
Underfull \hbox (badness 10000) in paragraph at lines 84--85

 []

LaTeX Font Info:    Try loading font information for TS1+pegj on input line 99.

("C:\Programme\MiKTeX 2.7\tex\latex\peg\ts1pegj.fd"
File: ts1pegj.fd 2003/06/24 Fontinst v1.914 font definitions for TS1/pegj.
)
LaTeX Font Info:    Font shape `U/zeur/m/n' will be
(Font)              scaled to size 8.54997pt on input line 122.
LaTeX Font Info:    Font shape `U/zeus/m/n' will be
(Font)              scaled to size 8.54997pt on input line 122.
LaTeX Font Info:    Font shape `U/zeuex/m/n' will be
(Font)              scaled to size 8.54997pt on input line 122.
LaTeX Font Info:    Font shape `U/msa/m/n' will be
(Font)              scaled to size 8.54997pt on input line 122.
LaTeX Font Info:    Font shape `U/msb/m/n' will be
(Font)              scaled to size 8.54997pt on input line 122.
LaTeX Font Info:    Font shape `T1/pegj/bx/n' in size <9> not available
(Font)              Font shape `T1/pegj/b/n' tried instead on input line 132.
LaTeX Font Info:    Font shape `T1/pegj/bx/it' in size <9> not available
(Font)              Font shape `T1/pegj/b/it' tried instead on input line 132.
LaTeX Font Info:    Font shape `T1/pegj/bx/it' in size <10> not available
(Font)              Font shape `T1/pegj/b/it' tried instead on input line 132.
 [3

] [4]
Underfull \hbox (badness 10000) in paragraph at lines 177--178

 []

[5

] [6]) [7] (inhalte/changelog.tex
Underfull \hbox (badness 10000) in paragraph at lines 12--13

 []

) [8



] (inhalte/literatur.tex
Underfull \hbox (badness 10000) in paragraph at lines 5--6

 []


Underfull \hbox (badness 10000) in paragraph at lines 5--6

 []

(Projekt.bbl)) [9



] (Projekt.aux (inhalte/titelblatt.aux) (inhalte/vorwort.aux)
(inhalte/inhaltsverz.aux) (inhalte/hauptteil.aux) (inhalte/changelog.aux)
(inhalte/literatur.aux)) ) 
Here is how much of TeX's memory you used:
 13870 strings out of 95322
 196855 string characters out of 1183987
 332393 words of memory out of 1500000
 16507 multiletter control sequences out of 110000
 98253 words of font info for 231 fonts, out of 1200000 for 2000
 14 hyphenation exceptions out of 8191
 42i,11n,57p,930b,511s stack positions out of 5000i,500n,10000p,200000b,5000s
pdfTeX warning (dest): name{UNDEFINED} has been refer
enced but does not exist, replaced by a fixed one

{C:/Programme/MiKTeX 2.7/fonts/enc/dvips/fontname/8r.enc}<C:/Programme/MiKTeX 2
.7/fonts/type1/bluesky/cm/cmsy10.pfb><C:/Programme/MiKTeX 2.7/fonts/type1/adobe
/stgaramo/pegb8a.pfb><C:/Programme/MiKTeX 2.7/fonts/type1/adobe/stgaramo/pegbi8
a.pfb><C:/Programme/MiKTeX 2.7/fonts/type1/adobe/stgaramo/pegbij8a.pfb><C:/Prog
ramme/MiKTeX 2.7/fonts/type1/adobe/stgaramo/pegbj8a.pfb><C:/Programme/MiKTeX 2.
7/fonts/type1/adobe/stgaramo/pegr8a.pfb><C:/Programme/MiKTeX 2.7/fonts/type1/ad
obe/stgaramo/pegrc8a.pfb><C:/Programme/MiKTeX 2.7/fonts/type1/adobe/stgaramo/pe
gri8a.pfb><C:/Programme/MiKTeX 2.7/fonts/type1/adobe/stgaramo/pegrij8a.pfb>
Output written on Projekt.pdf (12 pages, 240389 bytes).
PDF statistics:
 247 PDF objects out of 1000 (max. 8388607)
 53 named destinations out of 1000 (max. 131072)
 55446 words of extra memory for PDF output out of 61914 (max. 10000000)

